<?xml version="1.0" encoding="UTF-8"?>
<!-- Generated by org.testng.reporters.JUnitXMLReporter -->
<testsuite ignored="0" hostname="SESHU" failures="0" tests="4" name="Surefire test" time="9.625" errors="0" timestamp="2024-03-22T17:34:17 IST">
  <testcase classname="com.test.Testing" name="Creating" time="4.101"/>
  <testcase classname="com.test.Testing" name="Getting" time="1.84"/>
  <testcase classname="com.test.Testing" name="update" time="1.572"/>
  <testcase classname="com.test.Testing" name="delete" time="1.466"/>
</testsuite> <!-- Surefire test -->
