<?xml version="1.0" encoding="UTF-8"?>
<!-- Generated by org.testng.reporters.JUnitXMLReporter -->
<testsuite ignored="0" hostname="SESHU" failures="0" tests="4" name="Default test" time="9.081" errors="0" timestamp="2024-03-02T06:14:53 IST">
  <testcase classname="com.test.Testing" name="Creating" time="3.751"/>
  <testcase classname="com.test.Testing" name="Getting" time="1.894"/>
  <testcase classname="com.test.Testing" name="update" time="1.186"/>
  <testcase classname="com.test.Testing" name="delete" time="1.596"/>
</testsuite> <!-- Default test -->
