<?xml version="1.0" encoding="UTF-8"?>
<!-- Generated by org.testng.reporters.JUnitXMLReporter -->
<testsuite ignored="0" hostname="SESHU" failures="0" tests="6" name="Default test" time="13.126" errors="0" timestamp="2024-03-01T06:31:02 IST">
  <testcase classname="com.test.DDTTesting" name="testPostuser" time="3.677"/>
  <testcase classname="com.test.DDTTesting" name="testPostuser" time="1.519"/>
  <testcase classname="com.test.DDTTesting" name="testPostuser" time="1.656"/>
  <testcase classname="com.test.DDTTesting" name="testDeleteUserByName" time="1.61"/>
  <testcase classname="com.test.DDTTesting" name="testDeleteUserByName" time="1.543"/>
  <testcase classname="com.test.DDTTesting" name="testDeleteUserByName" time="1.714"/>
</testsuite> <!-- Default test -->
