<?xml version="1.0" encoding="UTF-8"?>
<!-- Generated by org.testng.reporters.JUnitXMLReporter -->
<testsuite ignored="0" hostname="SESHU" failures="0" tests="4" name="Test" time="10.293" errors="0" timestamp="2024-06-20T16:52:03 IST">
  <testcase classname="com.test.Testing" name="Creating" time="4.156"/>
  <testcase classname="com.test.Testing" name="Getting" time="1.563"/>
  <testcase classname="com.test.Testing" name="update" time="1.606"/>
  <testcase classname="com.test.Testing" name="delete" time="1.616"/>
</testsuite> <!-- Test -->
