<?xml version="1.0" encoding="UTF-8"?>
<!-- Generated by org.testng.reporters.JUnitXMLReporter -->
<testsuite ignored="0" hostname="SESHU" failures="0" tests="4" name="Test" time="9.477" errors="0" timestamp="2024-03-01T05:57:41 IST">
  <testcase classname="com.test.Testing" name="Creating" time="4.06"/>
  <testcase classname="com.test.Testing" name="Getting" time="1.854"/>
  <testcase classname="com.test.Testing" name="update" time="1.626"/>
  <testcase classname="com.test.Testing" name="delete" time="1.61"/>
</testsuite> <!-- Test -->
